<?xml version="1.0" encoding="UTF-8"?>
<testng-results skipped="0" failed="0" ignored="0" total="2" passed="2">
  <reporter-output>
  </reporter-output>
  <suite name="Default suite" duration-ms="52" started-at="2019-09-25T15:39:33Z" finished-at="2019-09-25T15:39:33Z">
    <groups>
    </groups>
    <test name="Default test" duration-ms="52" started-at="2019-09-25T15:39:33Z" finished-at="2019-09-25T15:39:33Z">
      <class name="basics.NewTest">
        <test-method status="PASS" signature="f()[pri:0, instance:basics.NewTest@6cc4c815]" name="f" duration-ms="15" started-at="2019-09-25T15:39:33Z" finished-at="2019-09-25T15:39:33Z">
          <reporter-output>
          </reporter-output>
        </test-method> <!-- f -->
        <test-method status="PASS" signature="f1()[pri:0, instance:basics.NewTest@6cc4c815]" name="f1" duration-ms="1" started-at="2019-09-25T15:39:33Z" finished-at="2019-09-25T15:39:33Z">
          <reporter-output>
          </reporter-output>
        </test-method> <!-- f1 -->
      </class> <!-- basics.NewTest -->
    </test> <!-- Default test -->
  </suite> <!-- Default suite -->
</testng-results>
